
*** Running vivado
    with args -log soc_top.vds -m64 -product Vivado -mode batch -messageDb vivado.pb -notrace -source soc_top.tcl


****** Vivado v2018.3 (64-bit)
  **** SW Build 2405991 on Thu Dec  6 23:38:27 MST 2018
  **** IP Build 2404404 on Fri Dec  7 01:43:56 MST 2018
    ** Copyright 1986-2018 Xilinx, Inc. All Rights Reserved.

source soc_top.tcl -notrace
Command: synth_design -top soc_top -part xc7a200tfbg676-2
Starting synth_design
Attempting to get a license for feature 'Synthesis' and/or device 'xc7a200t'
INFO: [Common 17-349] Got license for feature 'Synthesis' and/or device 'xc7a200t'
INFO: Launching helper process for spawning children vivado processes
INFO: Helper process launched with PID 15676 
---------------------------------------------------------------------------------
Starting Synthesize : Time (s): cpu = 00:00:01 ; elapsed = 00:00:02 . Memory (MB): peak = 431.215 ; gain = 97.496
---------------------------------------------------------------------------------
INFO: [Synth 8-6157] synthesizing module 'soc_top' [D:/vivado/cpu_uart/cpu_uart.srcs/sources_1/new/soc_top.v:3]
WARNING: [Synth 8-2898] ignoring pullup [D:/vivado/cpu_uart/cpu_uart.srcs/sources_1/new/soc_top.v:228]
INFO: [Synth 8-6157] synthesizing module 'cpu_core' [D:/vivado/RISC-V_CPU/RISC-V_CPU.srcs/sources_1/new/cpu_core.v:23]
INFO: [Synth 8-6157] synthesizing module 'control_unit' [D:/vivado/RISC-V_CPU/RISC-V_CPU.srcs/sources_1/new/control_unit.v:23]
INFO: [Synth 8-155] case statement is not full and has no default [D:/vivado/RISC-V_CPU/RISC-V_CPU.srcs/sources_1/new/control_unit.v:52]
INFO: [Synth 8-6155] done synthesizing module 'control_unit' (1#1) [D:/vivado/RISC-V_CPU/RISC-V_CPU.srcs/sources_1/new/control_unit.v:23]
INFO: [Synth 8-6157] synthesizing module 'pc_logic' [D:/vivado/RISC-V_CPU/RISC-V_CPU.srcs/sources_1/new/pc_logic.v:30]
INFO: [Synth 8-6155] done synthesizing module 'pc_logic' (2#1) [D:/vivado/RISC-V_CPU/RISC-V_CPU.srcs/sources_1/new/pc_logic.v:30]
INFO: [Synth 8-6157] synthesizing module 'imem' [D:/vivado/RISC-V_CPU/RISC-V_CPU.srcs/sources_1/new/imem.v:30]
CRITICAL WARNING: [Synth 8-4445] could not open $readmem data file 'program.mem'; please make sure the file is added to project and has read permission, ignoring [D:/vivado/RISC-V_CPU/RISC-V_CPU.srcs/sources_1/new/imem.v:40]

Warning: Trying to implement RAM in registers. Block RAM or DRAM implementation is not possible for one or more of the following reasons :
	1: Unable to determine number of words or word size in RAM. 
	2: No valid read/write found for RAM. 
RAM dissolved into registers
WARNING: [Synth 8-3848] Net rom in module/entity imem does not have driver. [D:/vivado/RISC-V_CPU/RISC-V_CPU.srcs/sources_1/new/imem.v:35]
WARNING: [Synth 8-3848] Net rom in module/entity imem does not have driver. [D:/vivado/RISC-V_CPU/RISC-V_CPU.srcs/sources_1/new/imem.v:35]
WARNING: [Synth 8-3848] Net rom in module/entity imem does not have driver. [D:/vivado/RISC-V_CPU/RISC-V_CPU.srcs/sources_1/new/imem.v:35]
WARNING: [Synth 8-3848] Net rom in module/entity imem does not have driver. [D:/vivado/RISC-V_CPU/RISC-V_CPU.srcs/sources_1/new/imem.v:35]
WARNING: [Synth 8-3848] Net rom in module/entity imem does not have driver. [D:/vivado/RISC-V_CPU/RISC-V_CPU.srcs/sources_1/new/imem.v:35]
WARNING: [Synth 8-3848] Net rom in module/entity imem does not have driver. [D:/vivado/RISC-V_CPU/RISC-V_CPU.srcs/sources_1/new/imem.v:35]
WARNING: [Synth 8-3848] Net rom in module/entity imem does not have driver. [D:/vivado/RISC-V_CPU/RISC-V_CPU.srcs/sources_1/new/imem.v:35]
WARNING: [Synth 8-3848] Net rom in module/entity imem does not have driver. [D:/vivado/RISC-V_CPU/RISC-V_CPU.srcs/sources_1/new/imem.v:35]
WARNING: [Synth 8-3848] Net rom in module/entity imem does not have driver. [D:/vivado/RISC-V_CPU/RISC-V_CPU.srcs/sources_1/new/imem.v:35]
WARNING: [Synth 8-3848] Net rom in module/entity imem does not have driver. [D:/vivado/RISC-V_CPU/RISC-V_CPU.srcs/sources_1/new/imem.v:35]
WARNING: [Synth 8-3848] Net rom in module/entity imem does not have driver. [D:/vivado/RISC-V_CPU/RISC-V_CPU.srcs/sources_1/new/imem.v:35]
WARNING: [Synth 8-3848] Net rom in module/entity imem does not have driver. [D:/vivado/RISC-V_CPU/RISC-V_CPU.srcs/sources_1/new/imem.v:35]
WARNING: [Synth 8-3848] Net rom in module/entity imem does not have driver. [D:/vivado/RISC-V_CPU/RISC-V_CPU.srcs/sources_1/new/imem.v:35]
WARNING: [Synth 8-3848] Net rom in module/entity imem does not have driver. [D:/vivado/RISC-V_CPU/RISC-V_CPU.srcs/sources_1/new/imem.v:35]
WARNING: [Synth 8-3848] Net rom in module/entity imem does not have driver. [D:/vivado/RISC-V_CPU/RISC-V_CPU.srcs/sources_1/new/imem.v:35]
WARNING: [Synth 8-3848] Net rom in module/entity imem does not have driver. [D:/vivado/RISC-V_CPU/RISC-V_CPU.srcs/sources_1/new/imem.v:35]
WARNING: [Synth 8-3848] Net rom in module/entity imem does not have driver. [D:/vivado/RISC-V_CPU/RISC-V_CPU.srcs/sources_1/new/imem.v:35]
WARNING: [Synth 8-3848] Net rom in module/entity imem does not have driver. [D:/vivado/RISC-V_CPU/RISC-V_CPU.srcs/sources_1/new/imem.v:35]
WARNING: [Synth 8-3848] Net rom in module/entity imem does not have driver. [D:/vivado/RISC-V_CPU/RISC-V_CPU.srcs/sources_1/new/imem.v:35]
WARNING: [Synth 8-3848] Net rom in module/entity imem does not have driver. [D:/vivado/RISC-V_CPU/RISC-V_CPU.srcs/sources_1/new/imem.v:35]
WARNING: [Synth 8-3848] Net rom in module/entity imem does not have driver. [D:/vivado/RISC-V_CPU/RISC-V_CPU.srcs/sources_1/new/imem.v:35]
WARNING: [Synth 8-3848] Net rom in module/entity imem does not have driver. [D:/vivado/RISC-V_CPU/RISC-V_CPU.srcs/sources_1/new/imem.v:35]
WARNING: [Synth 8-3848] Net rom in module/entity imem does not have driver. [D:/vivado/RISC-V_CPU/RISC-V_CPU.srcs/sources_1/new/imem.v:35]
WARNING: [Synth 8-3848] Net rom in module/entity imem does not have driver. [D:/vivado/RISC-V_CPU/RISC-V_CPU.srcs/sources_1/new/imem.v:35]
WARNING: [Synth 8-3848] Net rom in module/entity imem does not have driver. [D:/vivado/RISC-V_CPU/RISC-V_CPU.srcs/sources_1/new/imem.v:35]
WARNING: [Synth 8-3848] Net rom in module/entity imem does not have driver. [D:/vivado/RISC-V_CPU/RISC-V_CPU.srcs/sources_1/new/imem.v:35]
WARNING: [Synth 8-3848] Net rom in module/entity imem does not have driver. [D:/vivado/RISC-V_CPU/RISC-V_CPU.srcs/sources_1/new/imem.v:35]
WARNING: [Synth 8-3848] Net rom in module/entity imem does not have driver. [D:/vivado/RISC-V_CPU/RISC-V_CPU.srcs/sources_1/new/imem.v:35]
WARNING: [Synth 8-3848] Net rom in module/entity imem does not have driver. [D:/vivado/RISC-V_CPU/RISC-V_CPU.srcs/sources_1/new/imem.v:35]
WARNING: [Synth 8-3848] Net rom in module/entity imem does not have driver. [D:/vivado/RISC-V_CPU/RISC-V_CPU.srcs/sources_1/new/imem.v:35]
WARNING: [Synth 8-3848] Net rom in module/entity imem does not have driver. [D:/vivado/RISC-V_CPU/RISC-V_CPU.srcs/sources_1/new/imem.v:35]
WARNING: [Synth 8-3848] Net rom in module/entity imem does not have driver. [D:/vivado/RISC-V_CPU/RISC-V_CPU.srcs/sources_1/new/imem.v:35]
WARNING: [Synth 8-3848] Net rom in module/entity imem does not have driver. [D:/vivado/RISC-V_CPU/RISC-V_CPU.srcs/sources_1/new/imem.v:35]
WARNING: [Synth 8-3848] Net rom in module/entity imem does not have driver. [D:/vivado/RISC-V_CPU/RISC-V_CPU.srcs/sources_1/new/imem.v:35]
WARNING: [Synth 8-3848] Net rom in module/entity imem does not have driver. [D:/vivado/RISC-V_CPU/RISC-V_CPU.srcs/sources_1/new/imem.v:35]
WARNING: [Synth 8-3848] Net rom in module/entity imem does not have driver. [D:/vivado/RISC-V_CPU/RISC-V_CPU.srcs/sources_1/new/imem.v:35]
WARNING: [Synth 8-3848] Net rom in module/entity imem does not have driver. [D:/vivado/RISC-V_CPU/RISC-V_CPU.srcs/sources_1/new/imem.v:35]
WARNING: [Synth 8-3848] Net rom in module/entity imem does not have driver. [D:/vivado/RISC-V_CPU/RISC-V_CPU.srcs/sources_1/new/imem.v:35]
WARNING: [Synth 8-3848] Net rom in module/entity imem does not have driver. [D:/vivado/RISC-V_CPU/RISC-V_CPU.srcs/sources_1/new/imem.v:35]
WARNING: [Synth 8-3848] Net rom in module/entity imem does not have driver. [D:/vivado/RISC-V_CPU/RISC-V_CPU.srcs/sources_1/new/imem.v:35]
WARNING: [Synth 8-3848] Net rom in module/entity imem does not have driver. [D:/vivado/RISC-V_CPU/RISC-V_CPU.srcs/sources_1/new/imem.v:35]
WARNING: [Synth 8-3848] Net rom in module/entity imem does not have driver. [D:/vivado/RISC-V_CPU/RISC-V_CPU.srcs/sources_1/new/imem.v:35]
WARNING: [Synth 8-3848] Net rom in module/entity imem does not have driver. [D:/vivado/RISC-V_CPU/RISC-V_CPU.srcs/sources_1/new/imem.v:35]
WARNING: [Synth 8-3848] Net rom in module/entity imem does not have driver. [D:/vivado/RISC-V_CPU/RISC-V_CPU.srcs/sources_1/new/imem.v:35]
WARNING: [Synth 8-3848] Net rom in module/entity imem does not have driver. [D:/vivado/RISC-V_CPU/RISC-V_CPU.srcs/sources_1/new/imem.v:35]
WARNING: [Synth 8-3848] Net rom in module/entity imem does not have driver. [D:/vivado/RISC-V_CPU/RISC-V_CPU.srcs/sources_1/new/imem.v:35]
WARNING: [Synth 8-3848] Net rom in module/entity imem does not have driver. [D:/vivado/RISC-V_CPU/RISC-V_CPU.srcs/sources_1/new/imem.v:35]
WARNING: [Synth 8-3848] Net rom in module/entity imem does not have driver. [D:/vivado/RISC-V_CPU/RISC-V_CPU.srcs/sources_1/new/imem.v:35]
WARNING: [Synth 8-3848] Net rom in module/entity imem does not have driver. [D:/vivado/RISC-V_CPU/RISC-V_CPU.srcs/sources_1/new/imem.v:35]
WARNING: [Synth 8-3848] Net rom in module/entity imem does not have driver. [D:/vivado/RISC-V_CPU/RISC-V_CPU.srcs/sources_1/new/imem.v:35]
WARNING: [Synth 8-3848] Net rom in module/entity imem does not have driver. [D:/vivado/RISC-V_CPU/RISC-V_CPU.srcs/sources_1/new/imem.v:35]
WARNING: [Synth 8-3848] Net rom in module/entity imem does not have driver. [D:/vivado/RISC-V_CPU/RISC-V_CPU.srcs/sources_1/new/imem.v:35]
WARNING: [Synth 8-3848] Net rom in module/entity imem does not have driver. [D:/vivado/RISC-V_CPU/RISC-V_CPU.srcs/sources_1/new/imem.v:35]
WARNING: [Synth 8-3848] Net rom in module/entity imem does not have driver. [D:/vivado/RISC-V_CPU/RISC-V_CPU.srcs/sources_1/new/imem.v:35]
WARNING: [Synth 8-3848] Net rom in module/entity imem does not have driver. [D:/vivado/RISC-V_CPU/RISC-V_CPU.srcs/sources_1/new/imem.v:35]
WARNING: [Synth 8-3848] Net rom in module/entity imem does not have driver. [D:/vivado/RISC-V_CPU/RISC-V_CPU.srcs/sources_1/new/imem.v:35]
WARNING: [Synth 8-3848] Net rom in module/entity imem does not have driver. [D:/vivado/RISC-V_CPU/RISC-V_CPU.srcs/sources_1/new/imem.v:35]
WARNING: [Synth 8-3848] Net rom in module/entity imem does not have driver. [D:/vivado/RISC-V_CPU/RISC-V_CPU.srcs/sources_1/new/imem.v:35]
WARNING: [Synth 8-3848] Net rom in module/entity imem does not have driver. [D:/vivado/RISC-V_CPU/RISC-V_CPU.srcs/sources_1/new/imem.v:35]
WARNING: [Synth 8-3848] Net rom in module/entity imem does not have driver. [D:/vivado/RISC-V_CPU/RISC-V_CPU.srcs/sources_1/new/imem.v:35]
WARNING: [Synth 8-3848] Net rom in module/entity imem does not have driver. [D:/vivado/RISC-V_CPU/RISC-V_CPU.srcs/sources_1/new/imem.v:35]
WARNING: [Synth 8-3848] Net rom in module/entity imem does not have driver. [D:/vivado/RISC-V_CPU/RISC-V_CPU.srcs/sources_1/new/imem.v:35]
WARNING: [Synth 8-3848] Net rom in module/entity imem does not have driver. [D:/vivado/RISC-V_CPU/RISC-V_CPU.srcs/sources_1/new/imem.v:35]
WARNING: [Synth 8-3848] Net rom in module/entity imem does not have driver. [D:/vivado/RISC-V_CPU/RISC-V_CPU.srcs/sources_1/new/imem.v:35]
INFO: [Synth 8-6155] done synthesizing module 'imem' (3#1) [D:/vivado/RISC-V_CPU/RISC-V_CPU.srcs/sources_1/new/imem.v:30]
INFO: [Synth 8-6157] synthesizing module 'decode' [D:/vivado/RISC-V_CPU/RISC-V_CPU.srcs/sources_1/new/decode.v:23]
INFO: [Synth 8-6155] done synthesizing module 'decode' (4#1) [D:/vivado/RISC-V_CPU/RISC-V_CPU.srcs/sources_1/new/decode.v:23]
INFO: [Synth 8-6157] synthesizing module 'imm_gen' [D:/vivado/RISC-V_CPU/RISC-V_CPU.srcs/sources_1/new/imm_gen.v:23]
INFO: [Synth 8-6155] done synthesizing module 'imm_gen' (5#1) [D:/vivado/RISC-V_CPU/RISC-V_CPU.srcs/sources_1/new/imm_gen.v:23]
INFO: [Synth 8-6157] synthesizing module 'alu' [D:/vivado/RISC-V_CPU/RISC-V_CPU.srcs/sources_1/new/alu.v:23]
INFO: [Synth 8-6155] done synthesizing module 'alu' (6#1) [D:/vivado/RISC-V_CPU/RISC-V_CPU.srcs/sources_1/new/alu.v:23]
INFO: [Synth 8-6157] synthesizing module 'regfile' [D:/vivado/RISC-V_CPU/RISC-V_CPU.srcs/sources_1/new/regfile.v:28]
INFO: [Synth 8-6155] done synthesizing module 'regfile' (7#1) [D:/vivado/RISC-V_CPU/RISC-V_CPU.srcs/sources_1/new/regfile.v:28]
INFO: [Synth 8-6155] done synthesizing module 'cpu_core' (8#1) [D:/vivado/RISC-V_CPU/RISC-V_CPU.srcs/sources_1/new/cpu_core.v:23]
INFO: [Synth 8-6157] synthesizing module 'ahb_to_apb' [D:/vivado/cpu_uart/cpu_uart.srcs/sources_1/new/ahb_to_apb.v:23]
	Parameter ST_IDLE bound to: 2'b00 
	Parameter ST_SETUP bound to: 2'b01 
	Parameter ST_ACCESS bound to: 2'b10 
INFO: [Synth 8-155] case statement is not full and has no default [D:/vivado/cpu_uart/cpu_uart.srcs/sources_1/new/ahb_to_apb.v:87]
INFO: [Synth 8-6155] done synthesizing module 'ahb_to_apb' (9#1) [D:/vivado/cpu_uart/cpu_uart.srcs/sources_1/new/ahb_to_apb.v:23]
INFO: [Synth 8-6157] synthesizing module 'apb_uart' [D:/vivado/cpu_uart/cpu_uart.srcs/sources_1/new/apb_uart.v:23]
INFO: [Synth 8-6157] synthesizing module 'uart_core' [D:/vivado/Communication Protocol/UART/UART.srcs/sources_1/new/top.v:23]
	Parameter CLK_FREQ bound to: 100000000 - type: integer 
	Parameter BAUD_RATE bound to: 115200 - type: integer 
	Parameter CLKS_PER_BIT bound to: 868 - type: integer 
INFO: [Synth 8-6157] synthesizing module 'tx' [D:/vivado/Communication Protocol/UART/UART.srcs/sources_1/new/tx.v:23]
	Parameter CLKS_PER_BIT bound to: 868 - type: integer 
	Parameter IDLE bound to: 3'b000 
	Parameter TX_START bound to: 3'b001 
	Parameter TX_DATA bound to: 3'b010 
	Parameter TX_STOP bound to: 3'b011 
	Parameter CLEANUP bound to: 3'b100 
INFO: [Synth 8-6155] done synthesizing module 'tx' (10#1) [D:/vivado/Communication Protocol/UART/UART.srcs/sources_1/new/tx.v:23]
INFO: [Synth 8-6157] synthesizing module 'rx' [D:/vivado/Communication Protocol/UART/UART.srcs/sources_1/new/rx.v:23]
	Parameter CLKS_PER_BIT bound to: 868 - type: integer 
	Parameter IDLE bound to: 3'b000 
	Parameter RX_START bound to: 3'b001 
	Parameter RX_DATA bound to: 3'b010 
	Parameter RX_STOP bound to: 3'b011 
	Parameter CLEANUP bound to: 3'b100 
INFO: [Synth 8-6155] done synthesizing module 'rx' (11#1) [D:/vivado/Communication Protocol/UART/UART.srcs/sources_1/new/rx.v:23]
INFO: [Synth 8-6155] done synthesizing module 'uart_core' (12#1) [D:/vivado/Communication Protocol/UART/UART.srcs/sources_1/new/top.v:23]
INFO: [Synth 8-6155] done synthesizing module 'apb_uart' (13#1) [D:/vivado/cpu_uart/cpu_uart.srcs/sources_1/new/apb_uart.v:23]
INFO: [Synth 8-6157] synthesizing module 'ahb_spi' [D:/vivado/cpu_uart/cpu_uart.srcs/sources_1/new/ahb_spi.v:23]
INFO: [Synth 8-6157] synthesizing module 'spi_master' [D:/vivado/cpu_uart/cpu_uart.srcs/sources_1/new/spi_master.v:23]
	Parameter IDLE bound to: 2'b00 
	Parameter TRANSFER bound to: 2'b01 
	Parameter WAIT_CS bound to: 2'b11 
	Parameter DONE bound to: 2'b10 
INFO: [Synth 8-6155] done synthesizing module 'spi_master' (14#1) [D:/vivado/cpu_uart/cpu_uart.srcs/sources_1/new/spi_master.v:23]
INFO: [Synth 8-6155] done synthesizing module 'ahb_spi' (15#1) [D:/vivado/cpu_uart/cpu_uart.srcs/sources_1/new/ahb_spi.v:23]
INFO: [Synth 8-6157] synthesizing module 'ahb_pmu' [D:/vivado/cpu_uart/cpu_uart.srcs/sources_1/new/ahb_pmu.v:23]
INFO: [Synth 8-6155] done synthesizing module 'ahb_pmu' (16#1) [D:/vivado/cpu_uart/cpu_uart.srcs/sources_1/new/ahb_pmu.v:23]
INFO: [Synth 8-6157] synthesizing module 'ahb_i2c' [D:/vivado/cpu_uart/cpu_uart.srcs/sources_1/new/ahb_i2c.v:23]
INFO: [Synth 8-6157] synthesizing module 'i2c_master' [D:/vivado/cpu_uart/cpu_uart.srcs/sources_1/new/i2c_master.v:37]
	Parameter SYS_CLK_FREQ bound to: 100000000 - type: integer 
	Parameter I2C_BAUD_RATE bound to: 400000 - type: integer 
	Parameter DIVIDER bound to: 250 - type: integer 
	Parameter IDLE bound to: 3'b000 
	Parameter START bound to: 3'b001 
	Parameter ADDR bound to: 3'b010 
	Parameter ACK1 bound to: 3'b011 
	Parameter DATA bound to: 3'b100 
	Parameter ACK2 bound to: 3'b101 
	Parameter STOP bound to: 3'b110 
INFO: [Synth 8-155] case statement is not full and has no default [D:/vivado/cpu_uart/cpu_uart.srcs/sources_1/new/i2c_master.v:123]
WARNING: [Synth 8-5788] Register shift_tx_reg in module i2c_master is has both Set and reset with same priority. This may cause simulation mismatches. Consider rewriting code  [D:/vivado/cpu_uart/cpu_uart.srcs/sources_1/new/i2c_master.v:119]
WARNING: [Synth 8-5788] Register is_read_reg in module i2c_master is has both Set and reset with same priority. This may cause simulation mismatches. Consider rewriting code  [D:/vivado/cpu_uart/cpu_uart.srcs/sources_1/new/i2c_master.v:120]
WARNING: [Synth 8-5788] Register bit_count_reg in module i2c_master is has both Set and reset with same priority. This may cause simulation mismatches. Consider rewriting code  [D:/vivado/cpu_uart/cpu_uart.srcs/sources_1/new/i2c_master.v:126]
WARNING: [Synth 8-5788] Register shift_rx_reg in module i2c_master is has both Set and reset with same priority. This may cause simulation mismatches. Consider rewriting code  [D:/vivado/cpu_uart/cpu_uart.srcs/sources_1/new/i2c_master.v:172]
INFO: [Synth 8-6155] done synthesizing module 'i2c_master' (17#1) [D:/vivado/cpu_uart/cpu_uart.srcs/sources_1/new/i2c_master.v:37]
INFO: [Synth 8-6155] done synthesizing module 'ahb_i2c' (18#1) [D:/vivado/cpu_uart/cpu_uart.srcs/sources_1/new/ahb_i2c.v:23]
INFO: [Synth 8-6157] synthesizing module 'i2c_slave' [D:/vivado/cpu_uart/cpu_uart.srcs/sources_1/new/i2c_slave.v:23]
	Parameter SLAVE_ADDRESS bound to: 7'b1010111 
	Parameter DUMMY_DATA bound to: 8'b11001101 
	Parameter SLAVE_READ_ADDR bound to: 2'b00 
	Parameter SLAVE_SEND_ACK_1 bound to: 2'b01 
	Parameter SLAVE_DATA_TRANS bound to: 2'b10 
	Parameter SLAVE_SEND_ACK_2 bound to: 2'b11 
WARNING: [Synth 8-567] referenced signal 'scl' should be on the sensitivity list [D:/vivado/cpu_uart/cpu_uart.srcs/sources_1/new/i2c_slave.v:53]
WARNING: [Synth 8-6014] Unused sequential element data_in_reg was removed.  [D:/vivado/cpu_uart/cpu_uart.srcs/sources_1/new/i2c_slave.v:94]
INFO: [Synth 8-6155] done synthesizing module 'i2c_slave' (19#1) [D:/vivado/cpu_uart/cpu_uart.srcs/sources_1/new/i2c_slave.v:23]
INFO: [Synth 8-6157] synthesizing module 'ahb_ram' [D:/vivado/cpu_uart/cpu_uart.srcs/sources_1/new/ahb_ram.v:23]
INFO: [Synth 8-6155] done synthesizing module 'ahb_ram' (20#1) [D:/vivado/cpu_uart/cpu_uart.srcs/sources_1/new/ahb_ram.v:23]
INFO: [Synth 8-6155] done synthesizing module 'soc_top' (21#1) [D:/vivado/cpu_uart/cpu_uart.srcs/sources_1/new/soc_top.v:3]
WARNING: [Synth 8-3331] design ahb_i2c has unconnected port haddr[31]
WARNING: [Synth 8-3331] design ahb_i2c has unconnected port haddr[30]
WARNING: [Synth 8-3331] design ahb_i2c has unconnected port haddr[29]
WARNING: [Synth 8-3331] design ahb_i2c has unconnected port haddr[28]
WARNING: [Synth 8-3331] design ahb_i2c has unconnected port haddr[27]
WARNING: [Synth 8-3331] design ahb_i2c has unconnected port haddr[26]
WARNING: [Synth 8-3331] design ahb_i2c has unconnected port haddr[25]
WARNING: [Synth 8-3331] design ahb_i2c has unconnected port haddr[24]
WARNING: [Synth 8-3331] design ahb_i2c has unconnected port haddr[23]
WARNING: [Synth 8-3331] design ahb_i2c has unconnected port haddr[22]
WARNING: [Synth 8-3331] design ahb_i2c has unconnected port haddr[21]
WARNING: [Synth 8-3331] design ahb_i2c has unconnected port haddr[20]
WARNING: [Synth 8-3331] design ahb_i2c has unconnected port haddr[19]
WARNING: [Synth 8-3331] design ahb_i2c has unconnected port haddr[18]
WARNING: [Synth 8-3331] design ahb_i2c has unconnected port haddr[17]
WARNING: [Synth 8-3331] design ahb_i2c has unconnected port haddr[16]
WARNING: [Synth 8-3331] design ahb_i2c has unconnected port haddr[15]
WARNING: [Synth 8-3331] design ahb_i2c has unconnected port haddr[14]
WARNING: [Synth 8-3331] design ahb_i2c has unconnected port haddr[13]
WARNING: [Synth 8-3331] design ahb_i2c has unconnected port haddr[12]
WARNING: [Synth 8-3331] design ahb_i2c has unconnected port haddr[11]
WARNING: [Synth 8-3331] design ahb_i2c has unconnected port haddr[10]
WARNING: [Synth 8-3331] design ahb_i2c has unconnected port haddr[9]
WARNING: [Synth 8-3331] design ahb_i2c has unconnected port haddr[8]
WARNING: [Synth 8-3331] design ahb_i2c has unconnected port hwdata[31]
WARNING: [Synth 8-3331] design ahb_i2c has unconnected port hwdata[30]
WARNING: [Synth 8-3331] design ahb_i2c has unconnected port hwdata[29]
WARNING: [Synth 8-3331] design ahb_i2c has unconnected port hwdata[28]
WARNING: [Synth 8-3331] design ahb_i2c has unconnected port hwdata[27]
WARNING: [Synth 8-3331] design ahb_i2c has unconnected port hwdata[26]
WARNING: [Synth 8-3331] design ahb_i2c has unconnected port hwdata[25]
WARNING: [Synth 8-3331] design ahb_i2c has unconnected port hwdata[24]
WARNING: [Synth 8-3331] design ahb_i2c has unconnected port hwdata[15]
WARNING: [Synth 8-3331] design ahb_i2c has unconnected port hwdata[14]
WARNING: [Synth 8-3331] design ahb_i2c has unconnected port hwdata[13]
WARNING: [Synth 8-3331] design ahb_i2c has unconnected port hwdata[12]
WARNING: [Synth 8-3331] design ahb_i2c has unconnected port hwdata[11]
WARNING: [Synth 8-3331] design ahb_i2c has unconnected port hwdata[10]
WARNING: [Synth 8-3331] design ahb_i2c has unconnected port hwdata[9]
WARNING: [Synth 8-3331] design ahb_i2c has unconnected port hwdata[7]
WARNING: [Synth 8-3331] design ahb_pmu has unconnected port haddr[31]
WARNING: [Synth 8-3331] design ahb_pmu has unconnected port haddr[30]
WARNING: [Synth 8-3331] design ahb_pmu has unconnected port haddr[29]
WARNING: [Synth 8-3331] design ahb_pmu has unconnected port haddr[28]
WARNING: [Synth 8-3331] design ahb_pmu has unconnected port haddr[27]
WARNING: [Synth 8-3331] design ahb_pmu has unconnected port haddr[26]
WARNING: [Synth 8-3331] design ahb_pmu has unconnected port haddr[25]
WARNING: [Synth 8-3331] design ahb_pmu has unconnected port haddr[24]
WARNING: [Synth 8-3331] design ahb_pmu has unconnected port haddr[23]
WARNING: [Synth 8-3331] design ahb_pmu has unconnected port haddr[22]
WARNING: [Synth 8-3331] design ahb_pmu has unconnected port haddr[21]
WARNING: [Synth 8-3331] design ahb_pmu has unconnected port haddr[20]
WARNING: [Synth 8-3331] design ahb_pmu has unconnected port haddr[19]
WARNING: [Synth 8-3331] design ahb_pmu has unconnected port haddr[18]
WARNING: [Synth 8-3331] design ahb_pmu has unconnected port haddr[17]
WARNING: [Synth 8-3331] design ahb_pmu has unconnected port haddr[16]
WARNING: [Synth 8-3331] design ahb_pmu has unconnected port haddr[15]
WARNING: [Synth 8-3331] design ahb_pmu has unconnected port haddr[14]
WARNING: [Synth 8-3331] design ahb_pmu has unconnected port haddr[13]
WARNING: [Synth 8-3331] design ahb_pmu has unconnected port haddr[12]
WARNING: [Synth 8-3331] design ahb_pmu has unconnected port haddr[11]
WARNING: [Synth 8-3331] design ahb_pmu has unconnected port haddr[10]
WARNING: [Synth 8-3331] design ahb_pmu has unconnected port haddr[9]
WARNING: [Synth 8-3331] design ahb_pmu has unconnected port haddr[8]
WARNING: [Synth 8-3331] design ahb_spi has unconnected port haddr[31]
WARNING: [Synth 8-3331] design ahb_spi has unconnected port haddr[30]
WARNING: [Synth 8-3331] design ahb_spi has unconnected port haddr[29]
WARNING: [Synth 8-3331] design ahb_spi has unconnected port haddr[28]
WARNING: [Synth 8-3331] design ahb_spi has unconnected port haddr[27]
WARNING: [Synth 8-3331] design ahb_spi has unconnected port haddr[26]
WARNING: [Synth 8-3331] design ahb_spi has unconnected port haddr[25]
WARNING: [Synth 8-3331] design ahb_spi has unconnected port haddr[24]
WARNING: [Synth 8-3331] design ahb_spi has unconnected port haddr[23]
WARNING: [Synth 8-3331] design ahb_spi has unconnected port haddr[22]
WARNING: [Synth 8-3331] design ahb_spi has unconnected port haddr[21]
WARNING: [Synth 8-3331] design ahb_spi has unconnected port haddr[20]
WARNING: [Synth 8-3331] design ahb_spi has unconnected port haddr[19]
WARNING: [Synth 8-3331] design ahb_spi has unconnected port haddr[18]
WARNING: [Synth 8-3331] design ahb_spi has unconnected port haddr[17]
WARNING: [Synth 8-3331] design ahb_spi has unconnected port haddr[16]
WARNING: [Synth 8-3331] design ahb_spi has unconnected port haddr[15]
WARNING: [Synth 8-3331] design ahb_spi has unconnected port haddr[14]
WARNING: [Synth 8-3331] design ahb_spi has unconnected port haddr[13]
WARNING: [Synth 8-3331] design ahb_spi has unconnected port haddr[12]
WARNING: [Synth 8-3331] design ahb_spi has unconnected port haddr[11]
WARNING: [Synth 8-3331] design ahb_spi has unconnected port haddr[10]
WARNING: [Synth 8-3331] design ahb_spi has unconnected port haddr[9]
WARNING: [Synth 8-3331] design ahb_spi has unconnected port haddr[8]
WARNING: [Synth 8-3331] design ahb_spi has unconnected port hwdata[31]
WARNING: [Synth 8-3331] design ahb_spi has unconnected port hwdata[30]
WARNING: [Synth 8-3331] design ahb_spi has unconnected port hwdata[29]
WARNING: [Synth 8-3331] design ahb_spi has unconnected port hwdata[28]
WARNING: [Synth 8-3331] design ahb_spi has unconnected port hwdata[27]
WARNING: [Synth 8-3331] design ahb_spi has unconnected port hwdata[26]
WARNING: [Synth 8-3331] design ahb_spi has unconnected port hwdata[25]
WARNING: [Synth 8-3331] design ahb_spi has unconnected port hwdata[24]
WARNING: [Synth 8-3331] design ahb_spi has unconnected port hwdata[23]
WARNING: [Synth 8-3331] design ahb_spi has unconnected port hwdata[22]
WARNING: [Synth 8-3331] design ahb_spi has unconnected port hwdata[21]
WARNING: [Synth 8-3331] design ahb_spi has unconnected port hwdata[20]
INFO: [Common 17-14] Message 'Synth 8-3331' appears 100 times and further instances of the messages will be disabled. Use the Tcl command set_msg_config to change the current settings.
---------------------------------------------------------------------------------
Finished Synthesize : Time (s): cpu = 00:00:02 ; elapsed = 00:00:03 . Memory (MB): peak = 491.598 ; gain = 157.879
---------------------------------------------------------------------------------
---------------------------------------------------------------------------------
Finished Constraint Validation : Time (s): cpu = 00:00:02 ; elapsed = 00:00:03 . Memory (MB): peak = 491.598 ; gain = 157.879
---------------------------------------------------------------------------------
---------------------------------------------------------------------------------
Start Loading Part and Timing Information
---------------------------------------------------------------------------------
Loading part: xc7a200tfbg676-2
INFO: [Device 21-403] Loading part xc7a200tfbg676-2
---------------------------------------------------------------------------------
Finished Loading Part and Timing Information : Time (s): cpu = 00:00:02 ; elapsed = 00:00:03 . Memory (MB): peak = 491.598 ; gain = 157.879
---------------------------------------------------------------------------------
INFO: [Synth 8-5546] ROM "reg_write" won't be mapped to RAM because it is too sparse
INFO: [Synth 8-5546] ROM "alu_src" won't be mapped to RAM because it is too sparse
INFO: [Synth 8-5546] ROM "alu_ctrl" won't be mapped to RAM because it is too sparse
INFO: [Synth 8-5546] ROM "branch" won't be mapped to RAM because it is too sparse
INFO: [Synth 8-5546] ROM "mem_write" won't be mapped to RAM because it is too sparse
INFO: [Synth 8-5546] ROM "mem_read" won't be mapped to RAM because it is too sparse
INFO: [Synth 8-5546] ROM "jump" won't be mapped to RAM because it is too sparse
INFO: [Synth 8-802] inferred FSM for state register 'current_state_reg' in module 'ahb_to_apb'
INFO: [Synth 8-5544] ROM "penable" won't be mapped to Block RAM because address size (2) smaller than threshold (5)
INFO: [Synth 8-5544] ROM "psel" won't be mapped to Block RAM because address size (2) smaller than threshold (5)
INFO: [Synth 8-802] inferred FSM for state register 'state_reg' in module 'tx'
INFO: [Synth 8-5544] ROM "clock_count" won't be mapped to Block RAM because address size (3) smaller than threshold (5)
INFO: [Synth 8-5544] ROM "tx" won't be mapped to Block RAM because address size (3) smaller than threshold (5)
INFO: [Synth 8-5544] ROM "state" won't be mapped to Block RAM because address size (1) smaller than threshold (5)
INFO: [Synth 8-802] inferred FSM for state register 'state_reg' in module 'rx'
INFO: [Synth 8-5546] ROM "state" won't be mapped to RAM because it is too sparse
INFO: [Synth 8-5544] ROM "state" won't be mapped to Block RAM because address size (1) smaller than threshold (5)
INFO: [Synth 8-5544] ROM "state" won't be mapped to Block RAM because address size (1) smaller than threshold (5)
WARNING: [Synth 8-3936] Found unconnected internal register 'rx_shift_reg' and it is trimmed from '8' to '7' bits. [D:/vivado/cpu_uart/cpu_uart.srcs/sources_1/new/spi_master.v:89]
INFO: [Synth 8-802] inferred FSM for state register 'state_reg' in module 'spi_master'
INFO: [Synth 8-5544] ROM "state" won't be mapped to Block RAM because address size (3) smaller than threshold (5)
INFO: [Synth 8-5544] ROM "cs" won't be mapped to Block RAM because address size (2) smaller than threshold (5)
INFO: [Synth 8-5544] ROM "sclk" won't be mapped to Block RAM because address size (2) smaller than threshold (5)
INFO: [Synth 8-5544] ROM "state" won't be mapped to Block RAM because address size (2) smaller than threshold (5)
INFO: [Synth 8-5546] ROM "spi_start" won't be mapped to RAM because it is too sparse
INFO: [Synth 8-5546] ROM "clk_enable_reg" won't be mapped to RAM because it is too sparse
INFO: [Synth 8-802] inferred FSM for state register 'state_reg' in module 'i2c_master'
INFO: [Synth 8-5545] ROM "clk_count" won't be mapped to RAM because address size (32) is larger than maximum supported(25)
INFO: [Synth 8-5545] ROM "tick" won't be mapped to RAM because address size (32) is larger than maximum supported(25)
INFO: [Synth 8-5544] ROM "state" won't be mapped to Block RAM because address size (2) smaller than threshold (5)
INFO: [Synth 8-5544] ROM "state" won't be mapped to Block RAM because address size (4) smaller than threshold (5)
INFO: [Synth 8-5544] ROM "scl_out" won't be mapped to Block RAM because address size (2) smaller than threshold (5)
INFO: [Synth 8-5544] ROM "scl_out" won't be mapped to Block RAM because address size (2) smaller than threshold (5)
INFO: [Synth 8-5544] ROM "sda_out" won't be mapped to Block RAM because address size (2) smaller than threshold (5)
INFO: [Synth 8-5544] ROM "nack" won't be mapped to Block RAM because address size (2) smaller than threshold (5)
INFO: [Synth 8-5544] ROM "bit_count" won't be mapped to Block RAM because address size (4) smaller than threshold (5)
INFO: [Synth 8-5544] ROM "state" won't be mapped to Block RAM because address size (1) smaller than threshold (5)
INFO: [Synth 8-5546] ROM "i2c_addr" won't be mapped to RAM because it is too sparse
INFO: [Synth 8-802] inferred FSM for state register 'state_reg' in module 'i2c_slave'
INFO: [Synth 8-5546] ROM "state" won't be mapped to RAM because it is too sparse
INFO: [Synth 8-5544] ROM "count" won't be mapped to Block RAM because address size (3) smaller than threshold (5)
INFO: [Synth 8-5544] ROM "sda_enable_2" won't be mapped to Block RAM because address size (3) smaller than threshold (5)
INFO: [Synth 8-5544] ROM "sda_enable_2" won't be mapped to Block RAM because address size (3) smaller than threshold (5)
INFO: [Synth 8-5544] ROM "sda_out0" won't be mapped to Block RAM because address size (2) smaller than threshold (5)
INFO: [Synth 8-5544] ROM "sda_enable_2" won't be mapped to Block RAM because address size (3) smaller than threshold (5)
INFO: [Synth 8-5544] ROM "state" won't be mapped to Block RAM because address size (3) smaller than threshold (5)
INFO: [Synth 8-5544] ROM "state" won't be mapped to Block RAM because address size (3) smaller than threshold (5)
WARNING: [Synth 8-3936] Found unconnected internal register 'saved_addr_reg' and it is trimmed from '32' to '14' bits. [D:/vivado/cpu_uart/cpu_uart.srcs/sources_1/new/ahb_ram.v:55]
WARNING: [Synth 8-327] inferring latch for variable 'jump_reg' [D:/vivado/RISC-V_CPU/RISC-V_CPU.srcs/sources_1/new/control_unit.v:114]
---------------------------------------------------------------------------------------------------
                   State |                     New Encoding |                Previous Encoding 
---------------------------------------------------------------------------------------------------
                 ST_IDLE |                              001 |                               00
                ST_SETUP |                              010 |                               01
               ST_ACCESS |                              100 |                               10
---------------------------------------------------------------------------------------------------
INFO: [Synth 8-3354] encoded FSM with state register 'current_state_reg' using encoding 'one-hot' in module 'ahb_to_apb'
---------------------------------------------------------------------------------------------------
                   State |                     New Encoding |                Previous Encoding 
---------------------------------------------------------------------------------------------------
                    IDLE |                              000 |                              000
                TX_START |                              001 |                              001
                 TX_DATA |                              010 |                              010
                 TX_STOP |                              011 |                              011
                 CLEANUP |                              100 |                              100
---------------------------------------------------------------------------------------------------
INFO: [Synth 8-3354] encoded FSM with state register 'state_reg' using encoding 'sequential' in module 'tx'
---------------------------------------------------------------------------------------------------
                   State |                     New Encoding |                Previous Encoding 
---------------------------------------------------------------------------------------------------
                    IDLE |                              000 |                              000
                RX_START |                              001 |                              001
                 RX_DATA |                              010 |                              010
                 RX_STOP |                              011 |                              011
                 CLEANUP |                              100 |                              100
---------------------------------------------------------------------------------------------------
INFO: [Synth 8-3354] encoded FSM with state register 'state_reg' using encoding 'sequential' in module 'rx'
---------------------------------------------------------------------------------------------------
                   State |                     New Encoding |                Previous Encoding 
---------------------------------------------------------------------------------------------------
                    IDLE |                             0001 |                               00
                TRANSFER |                             0010 |                               01
                 WAIT_CS |                             0100 |                               11
                    DONE |                             1000 |                               10
---------------------------------------------------------------------------------------------------
INFO: [Synth 8-3354] encoded FSM with state register 'state_reg' using encoding 'one-hot' in module 'spi_master'
---------------------------------------------------------------------------------------------------
                   State |                     New Encoding |                Previous Encoding 
---------------------------------------------------------------------------------------------------
                  iSTATE |                              000 |                              000
                 iSTATE0 |                              001 |                              001
                 iSTATE1 |                              010 |                              010
                 iSTATE2 |                              011 |                              011
                 iSTATE4 |                              100 |                              100
                 iSTATE3 |                              101 |                              101
                 iSTATE5 |                              110 |                              110
---------------------------------------------------------------------------------------------------
INFO: [Synth 8-3354] encoded FSM with state register 'state_reg' using encoding 'sequential' in module 'i2c_master'
---------------------------------------------------------------------------------------------------
                   State |                     New Encoding |                Previous Encoding 
---------------------------------------------------------------------------------------------------
         SLAVE_READ_ADDR |                               00 |                               00
        SLAVE_SEND_ACK_1 |                               01 |                               01
        SLAVE_DATA_TRANS |                               10 |                               10
        SLAVE_SEND_ACK_2 |                               11 |                               11
---------------------------------------------------------------------------------------------------
INFO: [Synth 8-3354] encoded FSM with state register 'state_reg' using encoding 'sequential' in module 'i2c_slave'
WARNING: [Synth 8-327] inferring latch for variable 'start_reg' [D:/vivado/cpu_uart/cpu_uart.srcs/sources_1/new/i2c_slave.v:57]
WARNING: [Synth 8-327] inferring latch for variable 'stop_reg' [D:/vivado/cpu_uart/cpu_uart.srcs/sources_1/new/i2c_slave.v:58]
---------------------------------------------------------------------------------
Finished RTL Optimization Phase 2 : Time (s): cpu = 00:00:03 ; elapsed = 00:00:04 . Memory (MB): peak = 553.199 ; gain = 219.480
---------------------------------------------------------------------------------

Report RTL Partitions: 
+-+--------------+------------+----------+
| |RTL Partition |Replication |Instances |
+-+--------------+------------+----------+
+-+--------------+------------+----------+
No constraint files found.
---------------------------------------------------------------------------------
Start RTL Component Statistics 
---------------------------------------------------------------------------------
Detailed RTL Component Info : 
+---Adders : 
	   2 Input     32 Bit       Adders := 5     
	   3 Input     32 Bit       Adders := 1     
	   2 Input     16 Bit       Adders := 1     
	   2 Input     10 Bit       Adders := 1     
	   2 Input      4 Bit       Adders := 1     
	   2 Input      3 Bit       Adders := 4     
	   2 Input      2 Bit       Adders := 1     
+---XORs : 
	   2 Input     32 Bit         XORs := 1     
+---Registers : 
	               32 Bit    Registers := 4     
	               16 Bit    Registers := 2     
	               14 Bit    Registers := 1     
	                8 Bit    Registers := 10    
	                7 Bit    Registers := 3     
	                4 Bit    Registers := 1     
	                3 Bit    Registers := 4     
	                2 Bit    Registers := 1     
	                1 Bit    Registers := 30    
+---RAMs : 
	             128K Bit         RAMs := 1     
	             1024 Bit         RAMs := 1     
+---Muxes : 
	   2 Input     32 Bit        Muxes := 13    
	   6 Input     32 Bit        Muxes := 1     
	   3 Input     32 Bit        Muxes := 3     
	   4 Input     32 Bit        Muxes := 1     
	   5 Input     16 Bit        Muxes := 2     
	   2 Input     16 Bit        Muxes := 1     
	   2 Input      8 Bit        Muxes := 8     
	   5 Input      8 Bit        Muxes := 1     
	   4 Input      8 Bit        Muxes := 1     
	   7 Input      8 Bit        Muxes := 1     
	   3 Input      8 Bit        Muxes := 1     
	   2 Input      7 Bit        Muxes := 2     
	   4 Input      7 Bit        Muxes := 1     
	   2 Input      4 Bit        Muxes := 1     
	   8 Input      4 Bit        Muxes := 1     
	   7 Input      4 Bit        Muxes := 1     
	   2 Input      3 Bit        Muxes := 9     
	   4 Input      3 Bit        Muxes := 3     
	   6 Input      3 Bit        Muxes := 1     
	   5 Input      3 Bit        Muxes := 4     
	   7 Input      3 Bit        Muxes := 1     
	   2 Input      2 Bit        Muxes := 6     
	   4 Input      2 Bit        Muxes := 1     
	   8 Input      1 Bit        Muxes := 6     
	   3 Input      1 Bit        Muxes := 8     
	   2 Input      1 Bit        Muxes := 39    
	   5 Input      1 Bit        Muxes := 13    
	   4 Input      1 Bit        Muxes := 17    
	   7 Input      1 Bit        Muxes := 9     
---------------------------------------------------------------------------------
Finished RTL Component Statistics 
---------------------------------------------------------------------------------
---------------------------------------------------------------------------------
Start RTL Hierarchical Component Statistics 
---------------------------------------------------------------------------------
Hierarchical RTL Component report 
Module soc_top 
Detailed RTL Component Info : 
+---Muxes : 
	   4 Input     32 Bit        Muxes := 1     
	   2 Input     32 Bit        Muxes := 2     
Module control_unit 
Detailed RTL Component Info : 
+---Muxes : 
	   2 Input      4 Bit        Muxes := 1     
	   8 Input      4 Bit        Muxes := 1     
	   2 Input      3 Bit        Muxes := 3     
	   4 Input      3 Bit        Muxes := 1     
	   2 Input      2 Bit        Muxes := 1     
	   8 Input      1 Bit        Muxes := 6     
Module pc_logic 
Detailed RTL Component Info : 
+---Adders : 
	   2 Input     32 Bit       Adders := 1     
+---Registers : 
	               32 Bit    Registers := 1     
+---Muxes : 
	   2 Input     32 Bit        Muxes := 1     
Module imm_gen 
Detailed RTL Component Info : 
+---Muxes : 
	   6 Input     32 Bit        Muxes := 1     
	   6 Input      3 Bit        Muxes := 1     
Module alu 
Detailed RTL Component Info : 
+---Adders : 
	   2 Input     32 Bit       Adders := 1     
	   3 Input     32 Bit       Adders := 1     
+---XORs : 
	   2 Input     32 Bit         XORs := 1     
Module regfile 
Detailed RTL Component Info : 
+---RAMs : 
	             1024 Bit         RAMs := 1     
+---Muxes : 
	   2 Input     32 Bit        Muxes := 2     
Module cpu_core 
Detailed RTL Component Info : 
+---Adders : 
	   2 Input     32 Bit       Adders := 1     
+---Muxes : 
	   2 Input     32 Bit        Muxes := 2     
Module ahb_to_apb 
Detailed RTL Component Info : 
+---Registers : 
	               32 Bit    Registers := 1     
	                1 Bit    Registers := 1     
+---Muxes : 
	   3 Input     32 Bit        Muxes := 2     
	   3 Input      1 Bit        Muxes := 4     
Module tx 
Detailed RTL Component Info : 
+---Adders : 
	   2 Input     10 Bit       Adders := 1     
	   2 Input      3 Bit       Adders := 1     
+---Registers : 
	               16 Bit    Registers := 1     
	                8 Bit    Registers := 1     
	                3 Bit    Registers := 1     
	                1 Bit    Registers := 3     
+---Muxes : 
	   5 Input     16 Bit        Muxes := 1     
	   2 Input      3 Bit        Muxes := 2     
	   5 Input      3 Bit        Muxes := 2     
	   2 Input      1 Bit        Muxes := 1     
	   5 Input      1 Bit        Muxes := 9     
Module rx 
Detailed RTL Component Info : 
+---Adders : 
	   2 Input     16 Bit       Adders := 1     
	   2 Input      3 Bit       Adders := 1     
+---Registers : 
	               16 Bit    Registers := 1     
	                8 Bit    Registers := 1     
	                3 Bit    Registers := 1     
	                1 Bit    Registers := 3     
+---Muxes : 
	   2 Input     16 Bit        Muxes := 1     
	   5 Input     16 Bit        Muxes := 1     
	   2 Input      8 Bit        Muxes := 1     
	   5 Input      8 Bit        Muxes := 1     
	   2 Input      3 Bit        Muxes := 3     
	   5 Input      3 Bit        Muxes := 2     
	   2 Input      1 Bit        Muxes := 2     
	   5 Input      1 Bit        Muxes := 4     
Module apb_uart 
Detailed RTL Component Info : 
+---Registers : 
	                8 Bit    Registers := 1     
	                1 Bit    Registers := 2     
+---Muxes : 
	   2 Input     32 Bit        Muxes := 2     
	   3 Input     32 Bit        Muxes := 1     
	   2 Input      1 Bit        Muxes := 1     
Module spi_master 
Detailed RTL Component Info : 
+---Adders : 
	   2 Input      3 Bit       Adders := 1     
+---Registers : 
	                8 Bit    Registers := 2     
	                7 Bit    Registers := 1     
	                3 Bit    Registers := 1     
	                1 Bit    Registers := 4     
+---Muxes : 
	   4 Input      8 Bit        Muxes := 1     
	   4 Input      3 Bit        Muxes := 1     
	   2 Input      1 Bit        Muxes := 1     
	   4 Input      1 Bit        Muxes := 11    
Module ahb_spi 
Detailed RTL Component Info : 
+---Registers : 
	                8 Bit    Registers := 1     
	                1 Bit    Registers := 2     
+---Muxes : 
	   2 Input      8 Bit        Muxes := 1     
	   2 Input      1 Bit        Muxes := 3     
Module ahb_pmu 
Detailed RTL Component Info : 
+---Registers : 
	               32 Bit    Registers := 1     
+---Muxes : 
	   2 Input     32 Bit        Muxes := 1     
	   2 Input      1 Bit        Muxes := 1     
Module i2c_master 
Detailed RTL Component Info : 
+---Adders : 
	   2 Input     32 Bit       Adders := 1     
	   2 Input      4 Bit       Adders := 1     
	   2 Input      2 Bit       Adders := 1     
+---Registers : 
	               32 Bit    Registers := 1     
	                8 Bit    Registers := 3     
	                4 Bit    Registers := 1     
	                2 Bit    Registers := 1     
	                1 Bit    Registers := 5     
+---Muxes : 
	   2 Input     32 Bit        Muxes := 2     
	   2 Input      8 Bit        Muxes := 5     
	   7 Input      8 Bit        Muxes := 1     
	   7 Input      4 Bit        Muxes := 1     
	   7 Input      3 Bit        Muxes := 1     
	   2 Input      3 Bit        Muxes := 1     
	   2 Input      2 Bit        Muxes := 1     
	   2 Input      1 Bit        Muxes := 24    
	   3 Input      1 Bit        Muxes := 2     
	   7 Input      1 Bit        Muxes := 9     
Module ahb_i2c 
Detailed RTL Component Info : 
+---Registers : 
	                8 Bit    Registers := 1     
	                7 Bit    Registers := 1     
	                1 Bit    Registers := 4     
+---Muxes : 
	   2 Input      8 Bit        Muxes := 1     
	   3 Input      8 Bit        Muxes := 1     
	   2 Input      1 Bit        Muxes := 2     
Module i2c_slave 
Detailed RTL Component Info : 
+---Adders : 
	   2 Input     32 Bit       Adders := 1     
	   2 Input      3 Bit       Adders := 1     
+---Registers : 
	                7 Bit    Registers := 1     
	                3 Bit    Registers := 1     
	                1 Bit    Registers := 4     
+---Muxes : 
	   2 Input      7 Bit        Muxes := 2     
	   4 Input      7 Bit        Muxes := 1     
	   4 Input      3 Bit        Muxes := 1     
	   4 Input      2 Bit        Muxes := 1     
	   2 Input      2 Bit        Muxes := 4     
	   2 Input      1 Bit        Muxes := 4     
	   4 Input      1 Bit        Muxes := 6     
	   3 Input      1 Bit        Muxes := 2     
Module ahb_ram 
Detailed RTL Component Info : 
+---Registers : 
	               14 Bit    Registers := 1     
	                1 Bit    Registers := 2     
+---RAMs : 
	             128K Bit         RAMs := 1     
+---Muxes : 
	   2 Input     32 Bit        Muxes := 1     
---------------------------------------------------------------------------------
Finished RTL Hierarchical Component Statistics
---------------------------------------------------------------------------------
---------------------------------------------------------------------------------
Start Part Resource Summary
---------------------------------------------------------------------------------
Part Resources:
DSPs: 740 (col length:100)
BRAMs: 730 (col length: RAMB18 100 RAMB36 50)
---------------------------------------------------------------------------------
Finished Part Resource Summary
---------------------------------------------------------------------------------
No constraint files found.
---------------------------------------------------------------------------------
Start Cross Boundary and Area Optimization
---------------------------------------------------------------------------------
Warning: Parallel synthesis criteria is not met 
INFO: [Synth 8-5546] ROM "my_control/reg_write" won't be mapped to RAM because it is too sparse
INFO: [Synth 8-5546] ROM "my_control/alu_src" won't be mapped to RAM because it is too sparse
INFO: [Synth 8-5546] ROM "my_control/alu_ctrl" won't be mapped to RAM because it is too sparse
INFO: [Synth 8-5546] ROM "my_control/branch" won't be mapped to RAM because it is too sparse
INFO: [Synth 8-5546] ROM "my_control/mem_write" won't be mapped to RAM because it is too sparse
INFO: [Synth 8-5546] ROM "my_control/mem_read" won't be mapped to RAM because it is too sparse
INFO: [Synth 8-5546] ROM "my_control/jump" won't be mapped to RAM because it is too sparse
INFO: [Synth 8-5546] ROM "my_raw_uart/rx_inst/state" won't be mapped to RAM because it is too sparse
INFO: [Synth 8-5546] ROM "spi_start" won't be mapped to RAM because it is too sparse
INFO: [Synth 8-5546] ROM "clk_enable_reg" won't be mapped to RAM because it is too sparse
INFO: [Synth 8-5544] ROM "my_i2c_core/state" won't be mapped to Block RAM because address size (2) smaller than threshold (5)
INFO: [Synth 8-5544] ROM "my_i2c_core/scl_out" won't be mapped to Block RAM because address size (2) smaller than threshold (5)
INFO: [Synth 8-5544] ROM "my_i2c_core/sda_out" won't be mapped to Block RAM because address size (2) smaller than threshold (5)
INFO: [Synth 8-5544] ROM "my_i2c_core/nack" won't be mapped to Block RAM because address size (2) smaller than threshold (5)
INFO: [Synth 8-5544] ROM "my_i2c_core/scl_out" won't be mapped to Block RAM because address size (2) smaller than threshold (5)
INFO: [Synth 8-5545] ROM "my_i2c_core/clk_count" won't be mapped to RAM because address size (32) is larger than maximum supported(25)
INFO: [Synth 8-5545] ROM "my_i2c_core/tick" won't be mapped to RAM because address size (32) is larger than maximum supported(25)
INFO: [Synth 8-5546] ROM "i2c_addr" won't be mapped to RAM because it is too sparse
INFO: [Synth 8-5544] ROM "count" won't be mapped to Block RAM because address size (3) smaller than threshold (5)
INFO: [Synth 8-5546] ROM "state" won't be mapped to RAM because it is too sparse
INFO: [Synth 8-3886] merging instance 'my_spi/spi_tx_byte_reg[0]' (FDCE) to 'my_spi/spi_tx_byte_reg[7]'
INFO: [Synth 8-3333] propagating constant 0 across sequential element (my_spi/\my_spi_core/tx_shift_reg[0] )
INFO: [Synth 8-3886] merging instance 'my_spi/spi_tx_byte_reg[1]' (FDCE) to 'my_spi/spi_tx_byte_reg[7]'
INFO: [Synth 8-3886] merging instance 'my_spi/spi_tx_byte_reg[2]' (FDCE) to 'my_spi/spi_tx_byte_reg[7]'
INFO: [Synth 8-3886] merging instance 'my_spi/spi_tx_byte_reg[3]' (FDCE) to 'my_spi/spi_tx_byte_reg[7]'
INFO: [Synth 8-3886] merging instance 'my_spi/spi_tx_byte_reg[4]' (FDCE) to 'my_spi/spi_tx_byte_reg[7]'
INFO: [Synth 8-3886] merging instance 'my_spi/spi_tx_byte_reg[5]' (FDCE) to 'my_spi/spi_tx_byte_reg[7]'
INFO: [Synth 8-3886] merging instance 'my_i2c/i2c_addr_reg[6]' (FDCE) to 'my_i2c/i2c_tx_data_reg[7]'
INFO: [Synth 8-3886] merging instance 'my_i2c/i2c_tx_data_reg[7]' (FDCE) to 'my_i2c/i2c_tx_data_reg[6]'
INFO: [Synth 8-3886] merging instance 'my_i2c/i2c_addr_reg[5]' (FDCE) to 'my_i2c/i2c_tx_data_reg[6]'
INFO: [Synth 8-3886] merging instance 'my_i2c/i2c_tx_data_reg[6]' (FDCE) to 'my_i2c/i2c_tx_data_reg[5]'
INFO: [Synth 8-3886] merging instance 'my_i2c/i2c_addr_reg[4]' (FDCE) to 'my_i2c/i2c_tx_data_reg[5]'
INFO: [Synth 8-3886] merging instance 'my_i2c/i2c_tx_data_reg[5]' (FDCE) to 'my_i2c/i2c_tx_data_reg[4]'
INFO: [Synth 8-3886] merging instance 'my_i2c/i2c_addr_reg[3]' (FDCE) to 'my_i2c/i2c_tx_data_reg[4]'
INFO: [Synth 8-3886] merging instance 'my_i2c/i2c_tx_data_reg[4]' (FDCE) to 'my_i2c/i2c_tx_data_reg[3]'
INFO: [Synth 8-3886] merging instance 'my_i2c/i2c_addr_reg[2]' (FDCE) to 'my_i2c/i2c_tx_data_reg[3]'
INFO: [Synth 8-3886] merging instance 'my_i2c/i2c_tx_data_reg[3]' (FDCE) to 'my_i2c/i2c_tx_data_reg[2]'
INFO: [Synth 8-3886] merging instance 'my_i2c/i2c_addr_reg[1]' (FDCE) to 'my_i2c/i2c_tx_data_reg[2]'
INFO: [Synth 8-3886] merging instance 'my_i2c/i2c_tx_data_reg[2]' (FDCE) to 'my_i2c/i2c_tx_data_reg[1]'
INFO: [Synth 8-3886] merging instance 'my_i2c/i2c_addr_reg[0]' (FDCE) to 'my_i2c/i2c_tx_data_reg[1]'
INFO: [Synth 8-3886] merging instance 'my_i2c/i2c_tx_data_reg[1]' (FDCE) to 'my_i2c/i2c_tx_data_reg[0]'
INFO: [Synth 8-3886] merging instance 'my_i2c/i2c_rw_reg' (FDCE) to 'my_i2c/i2c_tx_data_reg[0]'
INFO: [Synth 8-3333] propagating constant 0 across sequential element (my_i2c/\i2c_tx_data_reg[0] )
INFO: [Synth 8-3886] merging instance 'my_dmem/saved_addr_reg[7]' (FDE) to 'my_dmem/saved_write_reg'
INFO: [Synth 8-3886] merging instance 'my_dmem/saved_addr_reg[6]' (FDE) to 'my_dmem/saved_write_reg'
INFO: [Synth 8-3886] merging instance 'my_dmem/saved_addr_reg[5]' (FDE) to 'my_dmem/saved_write_reg'
INFO: [Synth 8-3886] merging instance 'my_dmem/saved_addr_reg[4]' (FDE) to 'my_dmem/saved_write_reg'
INFO: [Synth 8-3886] merging instance 'my_dmem/saved_addr_reg[3]' (FDE) to 'my_dmem/saved_write_reg'
INFO: [Synth 8-3886] merging instance 'my_dmem/saved_addr_reg[2]' (FDE) to 'my_dmem/saved_write_reg'
INFO: [Synth 8-3333] propagating constant 0 across sequential element (my_dmem/active_transfer_reg)
INFO: [Synth 8-3886] merging instance 'my_dmem/saved_write_reg' (FDE) to 'my_dmem/saved_addr_reg[8]'
INFO: [Synth 8-3886] merging instance 'my_dmem/saved_addr_reg[13]' (FDE) to 'my_dmem/saved_addr_reg[8]'
INFO: [Synth 8-3886] merging instance 'my_dmem/saved_addr_reg[12]' (FDE) to 'my_dmem/saved_addr_reg[8]'
INFO: [Synth 8-3886] merging instance 'my_dmem/saved_addr_reg[11]' (FDE) to 'my_dmem/saved_addr_reg[8]'
INFO: [Synth 8-3886] merging instance 'my_dmem/saved_addr_reg[10]' (FDE) to 'my_dmem/saved_addr_reg[8]'
INFO: [Synth 8-3886] merging instance 'my_dmem/saved_addr_reg[9]' (FDE) to 'my_dmem/saved_addr_reg[8]'
INFO: [Synth 8-3333] propagating constant 0 across sequential element (my_dmem/\saved_addr_reg[8] )
INFO: [Synth 8-3886] merging instance 'my_spi/spi_tx_byte_reg[6]' (FDCE) to 'my_spi/spi_tx_byte_reg[7]'
INFO: [Synth 8-3886] merging instance 'my_uart/tx_data_in_reg[7]' (FDRE) to 'my_uart/tx_data_in_reg[0]'
INFO: [Synth 8-3886] merging instance 'my_uart/tx_data_in_reg[6]' (FDRE) to 'my_uart/tx_data_in_reg[0]'
INFO: [Synth 8-3886] merging instance 'my_uart/tx_data_in_reg[5]' (FDRE) to 'my_uart/tx_data_in_reg[0]'
INFO: [Synth 8-3886] merging instance 'my_uart/tx_data_in_reg[4]' (FDRE) to 'my_uart/tx_data_in_reg[0]'
INFO: [Synth 8-3886] merging instance 'my_uart/tx_data_in_reg[3]' (FDRE) to 'my_uart/tx_data_in_reg[0]'
INFO: [Synth 8-3886] merging instance 'my_uart/tx_data_in_reg[2]' (FDRE) to 'my_uart/tx_data_in_reg[0]'
INFO: [Synth 8-3886] merging instance 'my_uart/tx_data_in_reg[1]' (FDRE) to 'my_uart/tx_data_in_reg[0]'
INFO: [Synth 8-3333] propagating constant 0 across sequential element (my_uart/\tx_data_in_reg[0] )
INFO: [Synth 8-3886] merging instance 'my_pmu/clk_enable_reg_reg[4]' (FDCE) to 'my_pmu/clk_enable_reg_reg[0]'
INFO: [Synth 8-3886] merging instance 'my_pmu/clk_enable_reg_reg[5]' (FDCE) to 'my_pmu/clk_enable_reg_reg[0]'
INFO: [Synth 8-3886] merging instance 'my_pmu/clk_enable_reg_reg[3]' (FDCE) to 'my_pmu/clk_enable_reg_reg[0]'
INFO: [Synth 8-3333] propagating constant 0 across sequential element (my_i2c/i2c_enable_raw_reg)
INFO: [Synth 8-3886] merging instance 'my_pmu/clk_enable_reg_reg[10]' (FDCE) to 'my_pmu/clk_enable_reg_reg[0]'
INFO: [Synth 8-3886] merging instance 'my_pmu/clk_enable_reg_reg[11]' (FDCE) to 'my_pmu/clk_enable_reg_reg[0]'
INFO: [Synth 8-3886] merging instance 'my_pmu/clk_enable_reg_reg[8]' (FDCE) to 'my_pmu/clk_enable_reg_reg[0]'
INFO: [Synth 8-3886] merging instance 'my_pmu/clk_enable_reg_reg[9]' (FDCE) to 'my_pmu/clk_enable_reg_reg[0]'
INFO: [Synth 8-3886] merging instance 'my_pmu/clk_enable_reg_reg[6]' (FDCE) to 'my_pmu/clk_enable_reg_reg[0]'
INFO: [Synth 8-3886] merging instance 'my_bridge/saved_write_reg' (FDCE) to 'my_bridge/saved_addr_reg[1]'
INFO: [Synth 8-3886] merging instance 'my_bridge/saved_addr_reg[2]' (FDCE) to 'my_bridge/saved_addr_reg[1]'
INFO: [Synth 8-3886] merging instance 'my_bridge/saved_addr_reg[3]' (FDCE) to 'my_bridge/saved_addr_reg[1]'
INFO: [Synth 8-3333] propagating constant 0 across sequential element (my_bridge/\saved_addr_reg[0] )
INFO: [Synth 8-3886] merging instance 'my_bridge/saved_addr_reg[1]' (FDCE) to 'my_bridge/saved_addr_reg[4]'
INFO: [Synth 8-3886] merging instance 'my_bridge/saved_addr_reg[7]' (FDCE) to 'my_bridge/saved_addr_reg[4]'
INFO: [Synth 8-3886] merging instance 'my_bridge/saved_addr_reg[6]' (FDCE) to 'my_bridge/saved_addr_reg[4]'
INFO: [Synth 8-3886] merging instance 'my_bridge/saved_addr_reg[5]' (FDCE) to 'my_bridge/saved_addr_reg[4]'
INFO: [Synth 8-3333] propagating constant 0 across sequential element (my_bridge/\saved_addr_reg[4] )
INFO: [Synth 8-3886] merging instance 'my_pmu/clk_enable_reg_reg[7]' (FDCE) to 'my_pmu/clk_enable_reg_reg[0]'
INFO: [Synth 8-3886] merging instance 'my_pmu/clk_enable_reg_reg[16]' (FDCE) to 'my_pmu/clk_enable_reg_reg[0]'
INFO: [Synth 8-3886] merging instance 'my_pmu/clk_enable_reg_reg[17]' (FDCE) to 'my_pmu/clk_enable_reg_reg[0]'
INFO: [Synth 8-3886] merging instance 'my_pmu/clk_enable_reg_reg[14]' (FDCE) to 'my_pmu/clk_enable_reg_reg[0]'
INFO: [Synth 8-3886] merging instance 'my_pmu/clk_enable_reg_reg[15]' (FDCE) to 'my_pmu/clk_enable_reg_reg[0]'
INFO: [Synth 8-3886] merging instance 'my_pmu/clk_enable_reg_reg[12]' (FDCE) to 'my_pmu/clk_enable_reg_reg[0]'
INFO: [Synth 8-3886] merging instance 'my_pmu/clk_enable_reg_reg[13]' (FDCE) to 'my_pmu/clk_enable_reg_reg[0]'
INFO: [Synth 8-3886] merging instance 'my_pmu/clk_enable_reg_reg[22]' (FDCE) to 'my_pmu/clk_enable_reg_reg[0]'
INFO: [Synth 8-3886] merging instance 'my_pmu/clk_enable_reg_reg[23]' (FDCE) to 'my_pmu/clk_enable_reg_reg[0]'
INFO: [Synth 8-3886] merging instance 'my_pmu/clk_enable_reg_reg[20]' (FDCE) to 'my_pmu/clk_enable_reg_reg[0]'
INFO: [Synth 8-3886] merging instance 'my_pmu/clk_enable_reg_reg[21]' (FDCE) to 'my_pmu/clk_enable_reg_reg[0]'
INFO: [Synth 8-3886] merging instance 'my_pmu/clk_enable_reg_reg[18]' (FDCE) to 'my_pmu/clk_enable_reg_reg[0]'
INFO: [Synth 8-3886] merging instance 'my_pmu/clk_enable_reg_reg[19]' (FDCE) to 'my_pmu/clk_enable_reg_reg[0]'
INFO: [Synth 8-3886] merging instance 'my_pmu/clk_enable_reg_reg[28]' (FDCE) to 'my_pmu/clk_enable_reg_reg[0]'
INFO: [Synth 8-3886] merging instance 'my_pmu/clk_enable_reg_reg[29]' (FDCE) to 'my_pmu/clk_enable_reg_reg[0]'
INFO: [Synth 8-3886] merging instance 'my_pmu/clk_enable_reg_reg[26]' (FDCE) to 'my_pmu/clk_enable_reg_reg[0]'
INFO: [Synth 8-3886] merging instance 'my_pmu/clk_enable_reg_reg[27]' (FDCE) to 'my_pmu/clk_enable_reg_reg[0]'
INFO: [Synth 8-3886] merging instance 'my_pmu/clk_enable_reg_reg[24]' (FDCE) to 'my_pmu/clk_enable_reg_reg[0]'
INFO: [Synth 8-3886] merging instance 'my_pmu/clk_enable_reg_reg[25]' (FDCE) to 'my_pmu/clk_enable_reg_reg[0]'
INFO: [Synth 8-3886] merging instance 'my_pmu/clk_enable_reg_reg[30]' (FDCE) to 'my_pmu/clk_enable_reg_reg[0]'
INFO: [Synth 8-3886] merging instance 'my_pmu/clk_enable_reg_reg[31]' (FDCE) to 'my_pmu/clk_enable_reg_reg[0]'
INFO: [Synth 8-3333] propagating constant 1 across sequential element (my_cpu/\my_control/jump_reg )
INFO: [Synth 8-3886] merging instance 'my_pmu/clk_enable_reg_reg[2]' (FDCE) to 'my_pmu/clk_enable_reg_reg[0]'
INFO: [Synth 8-3886] merging instance 'my_pmu/clk_enable_reg_reg[1]' (FDCE) to 'my_pmu/clk_enable_reg_reg[0]'
INFO: [Synth 8-3333] propagating constant 0 across sequential element (my_spi/spi_start_reg)
INFO: [Synth 8-3333] propagating constant 0 across sequential element (my_spi/\spi_tx_byte_reg[7] )
INFO: [Synth 8-3333] propagating constant 0 across sequential element (my_pmu/\clk_enable_reg_reg[0] )
INFO: [Synth 8-3886] merging instance 'my_uart/my_raw_uart/tx_inst/tx_data_reg_reg[7]' (FDE) to 'my_uart/my_raw_uart/tx_inst/tx_data_reg_reg[6]'
INFO: [Synth 8-3886] merging instance 'my_uart/my_raw_uart/tx_inst/tx_data_reg_reg[6]' (FDE) to 'my_uart/my_raw_uart/tx_inst/tx_data_reg_reg[5]'
INFO: [Synth 8-3886] merging instance 'my_uart/my_raw_uart/tx_inst/tx_data_reg_reg[5]' (FDE) to 'my_uart/my_raw_uart/tx_inst/tx_data_reg_reg[4]'
INFO: [Synth 8-3886] merging instance 'my_uart/my_raw_uart/tx_inst/tx_data_reg_reg[4]' (FDE) to 'my_uart/my_raw_uart/tx_inst/tx_data_reg_reg[3]'
INFO: [Synth 8-3886] merging instance 'my_uart/my_raw_uart/tx_inst/tx_data_reg_reg[3]' (FDE) to 'my_uart/my_raw_uart/tx_inst/tx_data_reg_reg[2]'
INFO: [Synth 8-3886] merging instance 'my_uart/my_raw_uart/tx_inst/tx_data_reg_reg[2]' (FDE) to 'my_uart/my_raw_uart/tx_inst/tx_data_reg_reg[1]'
INFO: [Synth 8-3886] merging instance 'my_uart/my_raw_uart/tx_inst/tx_data_reg_reg[1]' (FDE) to 'my_uart/my_raw_uart/tx_inst/tx_data_reg_reg[0]'
INFO: [Synth 8-3333] propagating constant 0 across sequential element (my_cpu/\pc_reg/pc_reg[1] )
INFO: [Synth 8-3886] merging instance 'my_spi/my_spi_core/tx_shift_reg[0]' (FDE) to 'my_spi/my_spi_core/tx_shift_reg[1]'
INFO: [Synth 8-3333] propagating constant 0 across sequential element (my_spi/\my_spi_core/tx_shift_reg[1] )
INFO: [Synth 8-3333] propagating constant 0 across sequential element (my_i2c/\my_i2c_core/is_read_reg )
INFO: [Synth 8-3886] merging instance 'my_i2c/my_i2c_core/shift_tx_reg[7]' (FDE) to 'my_i2c/my_i2c_core/shift_tx_reg[6]'
INFO: [Synth 8-3886] merging instance 'my_i2c/my_i2c_core/shift_tx_reg[6]' (FDE) to 'my_i2c/my_i2c_core/shift_tx_reg[5]'
INFO: [Synth 8-3886] merging instance 'my_i2c/my_i2c_core/shift_tx_reg[5]' (FDE) to 'my_i2c/my_i2c_core/shift_tx_reg[4]'
INFO: [Synth 8-3886] merging instance 'my_i2c/my_i2c_core/shift_tx_reg[4]' (FDE) to 'my_i2c/my_i2c_core/shift_tx_reg[3]'
INFO: [Synth 8-3886] merging instance 'my_i2c/my_i2c_core/shift_tx_reg[3]' (FDE) to 'my_i2c/my_i2c_core/shift_tx_reg[2]'
INFO: [Synth 8-3886] merging instance 'my_i2c/my_i2c_core/shift_tx_reg[2]' (FDE) to 'my_i2c/my_i2c_core/shift_tx_reg[1]'
INFO: [Synth 8-3886] merging instance 'my_i2c/my_i2c_core/shift_tx_reg[1]' (FDE) to 'my_i2c/my_i2c_core/shift_tx_reg[0]'
INFO: [Synth 8-3333] propagating constant 0 across sequential element (my_i2c/\my_i2c_core/shift_tx_reg[0] )
INFO: [Synth 8-3333] propagating constant 0 across sequential element (my_uart/\my_raw_uart/tx_inst/tx_data_reg_reg[0] )
INFO: [Synth 8-3886] merging instance 'my_spi/my_spi_core/tx_shift_reg[1]' (FDE) to 'my_spi/my_spi_core/tx_shift_reg[2]'
INFO: [Synth 8-3333] propagating constant 0 across sequential element (my_spi/\my_spi_core/tx_shift_reg[2] )
INFO: [Synth 8-3886] merging instance 'my_spi/my_spi_core/tx_shift_reg[2]' (FDE) to 'my_spi/my_spi_core/tx_shift_reg[3]'
INFO: [Synth 8-3333] propagating constant 0 across sequential element (my_spi/\my_spi_core/tx_shift_reg[3] )
INFO: [Synth 8-3886] merging instance 'my_spi/my_spi_core/tx_shift_reg[3]' (FDE) to 'my_spi/my_spi_core/tx_shift_reg[4]'
INFO: [Synth 8-3333] propagating constant 0 across sequential element (my_spi/\my_spi_core/tx_shift_reg[4] )
INFO: [Synth 8-3886] merging instance 'my_spi/my_spi_core/tx_shift_reg[4]' (FDE) to 'my_spi/my_spi_core/tx_shift_reg[5]'
INFO: [Synth 8-3333] propagating constant 0 across sequential element (my_spi/\my_spi_core/tx_shift_reg[5] )
INFO: [Synth 8-3886] merging instance 'my_spi/my_spi_core/tx_shift_reg[5]' (FDE) to 'my_spi/my_spi_core/tx_shift_reg[6]'
INFO: [Synth 8-3333] propagating constant 0 across sequential element (my_spi/\my_spi_core/tx_shift_reg[6] )
INFO: [Synth 8-3886] merging instance 'my_spi/my_spi_core/tx_shift_reg[6]' (FDE) to 'my_spi/my_spi_core/tx_shift_reg[7]'
INFO: [Common 17-14] Message 'Synth 8-3886' appears 100 times and further instances of the messages will be disabled. Use the Tcl command set_msg_config to change the current settings.
INFO: [Synth 8-3333] propagating constant 0 across sequential element (my_spi/\my_spi_core/tx_shift_reg[7] )
INFO: [Synth 8-3333] propagating constant 0 across sequential element (my_spi/\my_spi_core/mosi_reg )
WARNING: [Synth 8-3332] Sequential element (my_control/jump_reg) is unused and will be removed from module cpu_core.
WARNING: [Synth 8-3332] Sequential element (my_raw_uart/rx_inst/FSM_sequential_state_reg[2]) is unused and will be removed from module apb_uart.
WARNING: [Synth 8-3332] Sequential element (my_raw_uart/rx_inst/FSM_sequential_state_reg[1]) is unused and will be removed from module apb_uart.
WARNING: [Synth 8-3332] Sequential element (my_raw_uart/rx_inst/FSM_sequential_state_reg[0]) is unused and will be removed from module apb_uart.
INFO: [Synth 8-3333] propagating constant 0 across sequential element (my_cpu/\pc_reg/pc_reg[0] )
WARNING: [Synth 8-3332] Sequential element (FSM_onehot_current_state_reg[2]) is unused and will be removed from module ahb_to_apb.
WARNING: [Synth 8-3332] Sequential element (FSM_onehot_current_state_reg[1]) is unused and will be removed from module ahb_to_apb.
WARNING: [Synth 8-3332] Sequential element (FSM_onehot_current_state_reg[0]) is unused and will be removed from module ahb_to_apb.
---------------------------------------------------------------------------------
Finished Cross Boundary and Area Optimization : Time (s): cpu = 00:00:05 ; elapsed = 00:00:06 . Memory (MB): peak = 700.418 ; gain = 366.699
---------------------------------------------------------------------------------

Report RTL Partitions: 
+-+--------------+------------+----------+
| |RTL Partition |Replication |Instances |
+-+--------------+------------+----------+
+-+--------------+------------+----------+
No constraint files found.
---------------------------------------------------------------------------------
Start Timing Optimization
---------------------------------------------------------------------------------
---------------------------------------------------------------------------------
Finished Timing Optimization : Time (s): cpu = 00:00:05 ; elapsed = 00:00:06 . Memory (MB): peak = 700.418 ; gain = 366.699
---------------------------------------------------------------------------------

Report RTL Partitions: 
+-+--------------+------------+----------+
| |RTL Partition |Replication |Instances |
+-+--------------+------------+----------+
+-+--------------+------------+----------+
---------------------------------------------------------------------------------
Start Technology Mapping
---------------------------------------------------------------------------------
---------------------------------------------------------------------------------
Finished Technology Mapping : Time (s): cpu = 00:00:05 ; elapsed = 00:00:06 . Memory (MB): peak = 700.422 ; gain = 366.703
---------------------------------------------------------------------------------

Report RTL Partitions: 
+-+--------------+------------+----------+
| |RTL Partition |Replication |Instances |
+-+--------------+------------+----------+
+-+--------------+------------+----------+
---------------------------------------------------------------------------------
Start IO Insertion
---------------------------------------------------------------------------------
---------------------------------------------------------------------------------
Start Flattening Before IO Insertion
---------------------------------------------------------------------------------
---------------------------------------------------------------------------------
Finished Flattening Before IO Insertion
---------------------------------------------------------------------------------
---------------------------------------------------------------------------------
Start Final Netlist Cleanup
---------------------------------------------------------------------------------
---------------------------------------------------------------------------------
Finished Final Netlist Cleanup
---------------------------------------------------------------------------------
---------------------------------------------------------------------------------
Finished IO Insertion : Time (s): cpu = 00:00:06 ; elapsed = 00:00:07 . Memory (MB): peak = 700.422 ; gain = 366.703
---------------------------------------------------------------------------------

Report Check Netlist: 
+------+------------------+-------+---------+-------+------------------+
|      |Item              |Errors |Warnings |Status |Description       |
+------+------------------+-------+---------+-------+------------------+
|1     |multi_driven_nets |      0|        0|Passed |Multi driven nets |
+------+------------------+-------+---------+-------+------------------+
---------------------------------------------------------------------------------
Start Renaming Generated Instances
---------------------------------------------------------------------------------
---------------------------------------------------------------------------------
Finished Renaming Generated Instances : Time (s): cpu = 00:00:06 ; elapsed = 00:00:07 . Memory (MB): peak = 700.422 ; gain = 366.703
---------------------------------------------------------------------------------

Report RTL Partitions: 
+-+--------------+------------+----------+
| |RTL Partition |Replication |Instances |
+-+--------------+------------+----------+
+-+--------------+------------+----------+
---------------------------------------------------------------------------------
Start Rebuilding User Hierarchy
---------------------------------------------------------------------------------
---------------------------------------------------------------------------------
Finished Rebuilding User Hierarchy : Time (s): cpu = 00:00:06 ; elapsed = 00:00:07 . Memory (MB): peak = 700.422 ; gain = 366.703
---------------------------------------------------------------------------------
---------------------------------------------------------------------------------
Start Renaming Generated Ports
---------------------------------------------------------------------------------
---------------------------------------------------------------------------------
Finished Renaming Generated Ports : Time (s): cpu = 00:00:06 ; elapsed = 00:00:07 . Memory (MB): peak = 700.422 ; gain = 366.703
---------------------------------------------------------------------------------
---------------------------------------------------------------------------------
Start Handling Custom Attributes
---------------------------------------------------------------------------------
---------------------------------------------------------------------------------
Finished Handling Custom Attributes : Time (s): cpu = 00:00:06 ; elapsed = 00:00:07 . Memory (MB): peak = 700.422 ; gain = 366.703
---------------------------------------------------------------------------------
---------------------------------------------------------------------------------
Start Renaming Generated Nets
---------------------------------------------------------------------------------
---------------------------------------------------------------------------------
Finished Renaming Generated Nets : Time (s): cpu = 00:00:06 ; elapsed = 00:00:07 . Memory (MB): peak = 700.422 ; gain = 366.703
---------------------------------------------------------------------------------
---------------------------------------------------------------------------------
Start Writing Synthesis Report
---------------------------------------------------------------------------------

Report BlackBoxes: 
+-+--------------+----------+
| |BlackBox name |Instances |
+-+--------------+----------+
+-+--------------+----------+

Report Cell Usage: 
+------+-------+------+
|      |Cell   |Count |
+------+-------+------+
|1     |BUFG   |     1|
|2     |CARRY4 |     8|
|3     |LUT1   |     3|
|4     |LUT2   |    17|
|5     |LUT3   |    21|
|6     |LUT4   |    19|
|7     |LUT5   |    17|
|8     |LUT6   |    67|
|9     |FDCE   |    39|
|10    |FDPE   |     2|
|11    |FDRE   |    43|
|12    |FDSE   |     3|
|13    |LDC    |     1|
|14    |LDP    |     1|
|15    |IBUF   |     2|
|16    |IOBUF  |     1|
|17    |OBUF   |    69|
+------+-------+------+

Report Instance Areas: 
+------+----------------+-----------+------+
|      |Instance        |Module     |Cells |
+------+----------------+-----------+------+
|1     |top             |           |   314|
|2     |  my_i2c        |ahb_i2c    |   120|
|3     |    my_i2c_core |i2c_master |   120|
|4     |  my_i2c_slave  |i2c_slave  |    56|
|5     |  my_spi        |ahb_spi    |    17|
|6     |    my_spi_core |spi_master |    17|
|7     |  my_uart       |apb_uart   |    47|
|8     |    my_raw_uart |uart_core  |    47|
|9     |      tx_inst   |tx         |    47|
+------+----------------+-----------+------+
---------------------------------------------------------------------------------
Finished Writing Synthesis Report : Time (s): cpu = 00:00:06 ; elapsed = 00:00:07 . Memory (MB): peak = 700.422 ; gain = 366.703
---------------------------------------------------------------------------------
Synthesis finished with 0 errors, 1 critical warnings and 479 warnings.
Synthesis Optimization Runtime : Time (s): cpu = 00:00:06 ; elapsed = 00:00:07 . Memory (MB): peak = 700.422 ; gain = 366.703
Synthesis Optimization Complete : Time (s): cpu = 00:00:06 ; elapsed = 00:00:07 . Memory (MB): peak = 700.422 ; gain = 366.703
INFO: [Project 1-571] Translating synthesized netlist
INFO: [Netlist 29-17] Analyzing 11 Unisim elements for replacement
INFO: [Netlist 29-28] Unisim Transformation completed in 0 CPU seconds
INFO: [Project 1-570] Preparing netlist for logic optimization
INFO: [Opt 31-138] Pushed 0 inverter(s) to 0 load pin(s).
Netlist sorting complete. Time (s): cpu = 00:00:00 ; elapsed = 00:00:00 . Memory (MB): peak = 787.094 ; gain = 0.000
INFO: [Project 1-111] Unisim Transformation Summary:
  A total of 3 instances were transformed.
  IOBUF => IOBUF (IBUF, OBUFT): 1 instances
  LDC => LDCE: 1 instances
  LDP => LDPE: 1 instances

INFO: [Common 17-83] Releasing license: Synthesis
253 Infos, 183 Warnings, 1 Critical Warnings and 0 Errors encountered.
synth_design completed successfully
synth_design: Time (s): cpu = 00:00:09 ; elapsed = 00:00:11 . Memory (MB): peak = 787.094 ; gain = 466.434
Netlist sorting complete. Time (s): cpu = 00:00:00 ; elapsed = 00:00:00.001 . Memory (MB): peak = 787.094 ; gain = 0.000
WARNING: [Constraints 18-5210] No constraints selected for write.
Resolution: This message can indicate that there are no constraints for the design, or it can indicate that the used_in flags are set such that the constraints are ignored. This later case is used when running synth_design to not write synthesis constraints to the resulting checkpoint. Instead, project constraints are read when the synthesized design is opened.
INFO: [Common 17-1381] The checkpoint 'D:/vivado/cpu_uart/cpu_uart.runs/synth_1/soc_top.dcp' has been generated.
INFO: [runtcl-4] Executing : report_utilization -file soc_top_utilization_synth.rpt -pb soc_top_utilization_synth.pb
INFO: [Common 17-206] Exiting Vivado at Sat May 30 08:55:00 2026...
